
==============================================

!Thu Nov 09 14:03:24 IST 2023

Processing file App_Kafka_PUBSUB\MF_Pub_Sub.msgflow.
Successfully added file App_Kafka_PUBSUB\MF_Pub_Sub.msgflow to BAR file.

==============================================

!Thu Nov 09 14:03:24 IST 2023

Processing file App_Kafka_PUBSUB\MF_Pub_Sub_Compute.esql.
Successfully added file App_Kafka_PUBSUB\MF_Pub_Sub_Compute.esql to BAR file.

==============================================

!Thu Nov 09 14:03:24 IST 2023

Processing file App_Kafka_PUBSUB\MF_Pub_Sub_Compute1.esql.
Successfully added file App_Kafka_PUBSUB\MF_Pub_Sub_Compute1.esql to BAR file.

==============================================

!Thu Nov 09 14:03:24 IST 2023

Processing file App_Kafka_PUBSUB\application.descriptor.
Successfully added file App_Kafka_PUBSUB\application.descriptor to BAR file.
Elapsed time: 0 second(s).

Successfully added file App_Kafka_PUBSUB\application.descriptor to BAR file.

==============================================

!Thu Nov 09 14:03:24 IST 2023

Processing file App_Kafka_PUBSUB\application.descriptor.
Successfully added file App_Kafka_PUBSUB\application.descriptor to BAR file.
Elapsed time: 0 second(s).

Successfully added file App_Kafka_PUBSUB\application.descriptor to BAR file.
